# JRE version: Java(TM) SE Runtime Environment (17.0.9+11) (build 17.0.9+11-LTS-201)
# Java VM: Java HotSpot(TM) 64-Bit Server VM (17.0.9+11-LTS-201, mixed mode, sharing, tiered, compressed oops, compressed class ptrs, g1 gc, windows-amd64)
GC Precious Log:
 CPUs: 4 total, 4 available
 Memory: 8089M
 Large Page Support: Disabled
 NUMA Support: Disabled
 Compressed Oops: Enabled (32-bit)
 Heap Region Size: 1M
 Heap Min Capacity: 8M
 Heap Initial Capacity: 128M
 Heap Max Capacity: 2024M
 Pre-touch: Disabled
 Parallel Workers: 4
 Concurrent Workers: 1
 Concurrent Refinement Workers: 4
 Periodic GC: Disabled
Heap:
 garbage-first heap   total 81920K, used 35519K [0x0000000081800000, 0x0000000100000000)
  region size 1024K, 6 young (6144K), 5 survivors (5120K)
 Metaspace       used 70945K, committed 71488K, reserved 1114112K
  class space    used 9898K, committed 10176K, reserved 1048576K
GC Heap History (20 events):
Event: 5.914 GC heap before
{Heap before GC invocations=5 (full 0):
 garbage-first heap   total 58368K, used 42725K [0x0000000081800000, 0x0000000100000000)
  region size 1024K, 34 young (34816K), 6 survivors (6144K)
 Metaspace       used 24071K, committed 24320K, reserved 1114112K
  class space    used 3088K, committed 3200K, reserved 1048576K
}
Event: 5.929 GC heap after
{Heap after GC invocations=6 (full 0):
 garbage-first heap   total 58368K, used 18154K [0x0000000081800000, 0x0000000100000000)
  region size 1024K, 4 young (4096K), 4 survivors (4096K)
 Metaspace       used 24071K, committed 24320K, reserved 1114112K
  class space    used 3088K, committed 3200K, reserved 1048576K
}
Event: 5.975 GC heap before
{Heap before GC invocations=6 (full 0):
 garbage-first heap   total 58368K, used 19178K [0x0000000081800000, 0x0000000100000000)
  region size 1024K, 5 young (5120K), 4 survivors (4096K)
 Metaspace       used 24164K, committed 24384K, reserved 1114112K
  class space    used 3103K, committed 3200K, reserved 1048576K
}
Event: 5.984 GC heap after
{Heap after GC invocations=7 (full 0):
 garbage-first heap   total 58368K, used 18817K [0x0000000081800000, 0x0000000100000000)
  region size 1024K, 1 young (1024K), 1 survivors (1024K)
 Metaspace       used 24164K, committed 24384K, reserved 1114112K
  class space    used 3103K, committed 3200K, reserved 1048576K
}
Event: 7.163 GC heap before
{Heap before GC invocations=7 (full 0):
 garbage-first heap   total 58368K, used 40321K [0x0000000081800000, 0x0000000100000000)
  region size 1024K, 22 young (22528K), 1 survivors (1024K)
 Metaspace       used 27665K, committed 27968K, reserved 1114112K
  class space    used 3687K, committed 3840K, reserved 1048576K
}
Event: 7.171 GC heap after
{Heap after GC invocations=8 (full 0):
 garbage-first heap   total 89088K, used 19528K [0x0000000081800000, 0x0000000100000000)
  region size 1024K, 2 young (2048K), 2 survivors (2048K)
 Metaspace       used 27665K, committed 27968K, reserved 1114112K
  class space    used 3687K, committed 3840K, reserved 1048576K
}
Event: 9.517 GC heap before
{Heap before GC invocations=8 (full 0):
 garbage-first heap   total 89088K, used 64584K [0x0000000081800000, 0x0000000100000000)
  region size 1024K, 46 young (47104K), 2 survivors (2048K)
 Metaspace       used 34732K, committed 35136K, reserved 1114112K
  class space    used 4713K, committed 4864K, reserved 1048576K
}
Event: 9.532 GC heap after
{Heap after GC invocations=9 (full 0):
 garbage-first heap   total 89088K, used 22359K [0x0000000081800000, 0x0000000100000000)
  region size 1024K, 5 young (5120K), 5 survivors (5120K)
 Metaspace       used 34732K, committed 35136K, reserved 1114112K
  class space    used 4713K, committed 4864K, reserved 1048576K
}
Event: 9.712 GC heap before
{Heap before GC invocations=9 (full 0):
 garbage-first heap   total 89088K, used 25431K [0x0000000081800000, 0x0000000100000000)
  region size 1024K, 9 young (9216K), 5 survivors (5120K)
 Metaspace       used 35554K, committed 35968K, reserved 1114112K
  class space    used 4852K, committed 5056K, reserved 1048576K
}
Event: 9.725 GC heap after
{Heap after GC invocations=10 (full 0):
 garbage-first heap   total 89088K, used 23021K [0x0000000081800000, 0x0000000100000000)
  region size 1024K, 4 young (4096K), 4 survivors (4096K)
 Metaspace       used 35554K, committed 35968K, reserved 1114112K
  class space    used 4852K, committed 5056K, reserved 1048576K
}
Event: 11.737 GC heap before
{Heap before GC invocations=11 (full 0):
 garbage-first heap   total 81920K, used 68077K [0x0000000081800000, 0x0000000100000000)
  region size 1024K, 48 young (49152K), 4 survivors (4096K)
 Metaspace       used 47078K, committed 47488K, reserved 1114112K
  class space    used 6398K, committed 6592K, reserved 1048576K
}
Event: 11.756 GC heap after
{Heap after GC invocations=12 (full 0):
 garbage-first heap   total 81920K, used 26072K [0x0000000081800000, 0x0000000100000000)
  region size 1024K, 4 young (4096K), 4 survivors (4096K)
 Metaspace       used 47078K, committed 47488K, reserved 1114112K
  class space    used 6398K, committed 6592K, reserved 1048576K
}
Event: 13.100 GC heap before
{Heap before GC invocations=12 (full 0):
 garbage-first heap   total 81920K, used 62936K [0x0000000081800000, 0x0000000100000000)
  region size 1024K, 40 young (40960K), 4 survivors (4096K)
 Metaspace       used 56064K, committed 56576K, reserved 1114112K
  class space    used 7821K, committed 8064K, reserved 1048576K
}
Event: 13.116 GC heap after
{Heap after GC invocations=13 (full 0):
 garbage-first heap   total 81920K, used 28359K [0x0000000081800000, 0x0000000100000000)
  region size 1024K, 3 young (3072K), 3 survivors (3072K)
 Metaspace       used 56064K, committed 56576K, reserved 1114112K
  class space    used 7821K, committed 8064K, reserved 1048576K
}
Event: 14.390 GC heap before
{Heap before GC invocations=13 (full 0):
 garbage-first heap   total 81920K, used 58055K [0x0000000081800000, 0x0000000100000000)
  region size 1024K, 33 young (33792K), 3 survivors (3072K)
 Metaspace       used 59929K, committed 60416K, reserved 1114112K
  class space    used 8331K, committed 8576K, reserved 1048576K
}
Event: 14.403 GC heap after
{Heap after GC invocations=14 (full 0):
 garbage-first heap   total 81920K, used 30298K [0x0000000081800000, 0x0000000100000000)
  region size 1024K, 5 young (5120K), 5 survivors (5120K)
 Metaspace       used 59929K, committed 60416K, reserved 1114112K
  class space    used 8331K, committed 8576K, reserved 1048576K
}
Event: 16.094 GC heap before
{Heap before GC invocations=15 (full 0):
 garbage-first heap   total 81920K, used 64090K [0x0000000081800000, 0x0000000100000000)
  region size 1024K, 38 young (38912K), 5 survivors (5120K)
 Metaspace       used 63647K, committed 64192K, reserved 1114112K
  class space    used 8907K, committed 9152K, reserved 1048576K
}
Event: 16.113 GC heap after
{Heap after GC invocations=16 (full 0):
 garbage-first heap   total 81920K, used 32592K [0x0000000081800000, 0x0000000100000000)
  region size 1024K, 5 young (5120K), 5 survivors (5120K)
 Metaspace       used 63647K, committed 64192K, reserved 1114112K
  class space    used 8907K, committed 9152K, reserved 1048576K
}
Event: 17.574 GC heap before
{Heap before GC invocations=16 (full 0):
 garbage-first heap   total 81920K, used 64336K [0x0000000081800000, 0x0000000100000000)
  region size 1024K, 36 young (36864K), 5 survivors (5120K)
 Metaspace       used 70841K, committed 71360K, reserved 1114112K
  class space    used 9886K, committed 10112K, reserved 1048576K
}
Event: 17.596 GC heap after
{Heap after GC invocations=17 (full 0):
 garbage-first heap   total 81920K, used 35519K [0x0000000081800000, 0x0000000100000000)
  region size 1024K, 5 young (5120K), 5 survivors (5120K)
 Metaspace       used 70841K, committed 71360K, reserved 1114112K
  class space    used 9886K, committed 10112K, reserved 1048576K
}

