# JRE version: Java(TM) SE Runtime Environment (17.0.9+11) (build 17.0.9+11-LTS-201)
# Java VM: Java HotSpot(TM) 64-Bit Server VM (17.0.9+11-LTS-201, mixed mode, sharing, tiered, compressed oops, compressed class ptrs, g1 gc, windows-amd64)
GC Precious Log:
 CPUs: 4 total, 4 available
 Memory: 8089M
 Large Page Support: Disabled
 NUMA Support: Disabled
 Compressed Oops: Enabled (32-bit)
 Heap Region Size: 1M
 Heap Min Capacity: 8M
 Heap Initial Capacity: 128M
 Heap Max Capacity: 2024M
 Pre-touch: Disabled
 Parallel Workers: 4
 Concurrent Workers: 1
 Concurrent Refinement Workers: 4
 Periodic GC: Disabled
Heap:
 garbage-first heap   total 138240K, used 57668K [0x0000000081800000, 0x0000000100000000)
  region size 1024K, 1 young (1024K), 1 survivors (1024K)
 Metaspace       used 29093K, committed 29440K, reserved 1114112K
  class space    used 3307K, committed 3456K, reserved 1048576K
GC Heap History (20 events):
Event: 12.314 GC heap after
{Heap after GC invocations=9 (full 0):
 garbage-first heap   total 96256K, used 43008K [0x0000000081800000, 0x0000000100000000)
  region size 1024K, 1 young (1024K), 1 survivors (1024K)
 Metaspace       used 25083K, committed 25408K, reserved 1114112K
  class space    used 2880K, committed 3072K, reserved 1048576K
}
Event: 14.530 GC heap before
{Heap before GC invocations=9 (full 0):
 garbage-first heap   total 96256K, used 69632K [0x0000000081800000, 0x0000000100000000)
  region size 1024K, 28 young (28672K), 1 survivors (1024K)
 Metaspace       used 26507K, committed 26816K, reserved 1114112K
  class space    used 3030K, committed 3200K, reserved 1048576K
}
Event: 14.542 GC heap after
{Heap after GC invocations=10 (full 0):
 garbage-first heap   total 96256K, used 45404K [0x0000000081800000, 0x0000000100000000)
  region size 1024K, 4 young (4096K), 4 survivors (4096K)
 Metaspace       used 26507K, committed 26816K, reserved 1114112K
  class space    used 3030K, committed 3200K, reserved 1048576K
}
Event: 16.472 GC heap before
{Heap before GC invocations=10 (full 0):
 garbage-first heap   total 96256K, used 69980K [0x0000000081800000, 0x0000000100000000)
  region size 1024K, 29 young (29696K), 4 survivors (4096K)
 Metaspace       used 27980K, committed 28352K, reserved 1114112K
  class space    used 3195K, committed 3392K, reserved 1048576K
}
Event: 16.482 GC heap after
{Heap after GC invocations=11 (full 0):
 garbage-first heap   total 96256K, used 46243K [0x0000000081800000, 0x0000000100000000)
  region size 1024K, 1 young (1024K), 1 survivors (1024K)
 Metaspace       used 27980K, committed 28352K, reserved 1114112K
  class space    used 3195K, committed 3392K, reserved 1048576K
}
Event: 18.457 GC heap before
{Heap before GC invocations=11 (full 0):
 garbage-first heap   total 96256K, used 71843K [0x0000000081800000, 0x0000000100000000)
  region size 1024K, 27 young (27648K), 1 survivors (1024K)
 Metaspace       used 29782K, committed 30144K, reserved 1114112K
  class space    used 3409K, committed 3584K, reserved 1048576K
}
Event: 18.469 GC heap after
{Heap after GC invocations=12 (full 0):
 garbage-first heap   total 96256K, used 46227K [0x0000000081800000, 0x0000000100000000)
  region size 1024K, 3 young (3072K), 3 survivors (3072K)
 Metaspace       used 29782K, committed 30144K, reserved 1114112K
  class space    used 3409K, committed 3584K, reserved 1048576K
}
Event: 19.733 GC heap before
{Heap before GC invocations=13 (full 0):
 garbage-first heap   total 96256K, used 80019K [0x0000000081800000, 0x0000000100000000)
  region size 1024K, 30 young (30720K), 3 survivors (3072K)
 Metaspace       used 29851K, committed 30208K, reserved 1114112K
  class space    used 3409K, committed 3584K, reserved 1048576K
}
Event: 19.756 GC heap after
{Heap after GC invocations=14 (full 0):
 garbage-first heap   total 96256K, used 61931K [0x0000000081800000, 0x0000000100000000)
  region size 1024K, 4 young (4096K), 4 survivors (4096K)
 Metaspace       used 29851K, committed 30208K, reserved 1114112K
  class space    used 3409K, committed 3584K, reserved 1048576K
}
Event: 19.764 GC heap before
{Heap before GC invocations=14 (full 0):
 garbage-first heap   total 96256K, used 61931K [0x0000000081800000, 0x0000000100000000)
  region size 1024K, 5 young (5120K), 4 survivors (4096K)
 Metaspace       used 29851K, committed 30208K, reserved 1114112K
  class space    used 3409K, committed 3584K, reserved 1048576K
}
Event: 19.775 GC heap after
{Heap after GC invocations=15 (full 0):
 garbage-first heap   total 115712K, used 53713K [0x0000000081800000, 0x0000000100000000)
  region size 1024K, 1 young (1024K), 1 survivors (1024K)
 Metaspace       used 29851K, committed 30208K, reserved 1114112K
  class space    used 3409K, committed 3584K, reserved 1048576K
}
Event: 19.889 GC heap before
{Heap before GC invocations=15 (full 0):
 garbage-first heap   total 115712K, used 57809K [0x0000000081800000, 0x0000000100000000)
  region size 1024K, 5 young (5120K), 1 survivors (1024K)
 Metaspace       used 29858K, committed 30208K, reserved 1114112K
  class space    used 3409K, committed 3584K, reserved 1048576K
}
Event: 19.894 GC heap after
{Heap after GC invocations=16 (full 0):
 garbage-first heap   total 115712K, used 53190K [0x0000000081800000, 0x0000000100000000)
  region size 1024K, 1 young (1024K), 1 survivors (1024K)
 Metaspace       used 29858K, committed 30208K, reserved 1114112K
  class space    used 3409K, committed 3584K, reserved 1048576K
}
Event: 20.113 GC heap before
{Heap before GC invocations=16 (full 0):
 garbage-first heap   total 115712K, used 57286K [0x0000000081800000, 0x0000000100000000)
  region size 1024K, 6 young (6144K), 1 survivors (1024K)
 Metaspace       used 29858K, committed 30208K, reserved 1114112K
  class space    used 3409K, committed 3584K, reserved 1048576K
}
Event: 20.117 GC heap after
{Heap after GC invocations=17 (full 0):
 garbage-first heap   total 115712K, used 54720K [0x0000000081800000, 0x0000000100000000)
  region size 1024K, 3 young (3072K), 3 survivors (3072K)
 Metaspace       used 29858K, committed 30208K, reserved 1114112K
  class space    used 3409K, committed 3584K, reserved 1048576K
}
Event: 20.824 GC heap before
{Heap before GC invocations=18 (full 0):
 garbage-first heap   total 115712K, used 77248K [0x0000000081800000, 0x0000000100000000)
  region size 1024K, 28 young (28672K), 3 survivors (3072K)
 Metaspace       used 28126K, committed 29056K, reserved 1114112K
  class space    used 3195K, committed 3456K, reserved 1048576K
}
Event: 20.843 GC heap after
{Heap after GC invocations=19 (full 0):
 garbage-first heap   total 115712K, used 60635K [0x0000000081800000, 0x0000000100000000)
  region size 1024K, 4 young (4096K), 4 survivors (4096K)
 Metaspace       used 28126K, committed 29056K, reserved 1114112K
  class space    used 3195K, committed 3456K, reserved 1048576K
}
Event: 20.869 GC heap before
{Heap before GC invocations=19 (full 0):
 garbage-first heap   total 115712K, used 61659K [0x0000000081800000, 0x0000000100000000)
  region size 1024K, 5 young (5120K), 4 survivors (4096K)
 Metaspace       used 28133K, committed 29056K, reserved 1114112K
  class space    used 3195K, committed 3456K, reserved 1048576K
}
Event: 20.880 GC heap after
{Heap after GC invocations=20 (full 0):
 garbage-first heap   total 115712K, used 56247K [0x0000000081800000, 0x0000000100000000)
  region size 1024K, 1 young (1024K), 1 survivors (1024K)
 Metaspace       used 28133K, committed 29056K, reserved 1114112K
  class space    used 3195K, committed 3456K, reserved 1048576K
}
Event: 21.794 GC heap before
{Heap before GC invocations=20 (full 0):
 garbage-first heap   total 115712K, used 80823K [0x0000000081800000, 0x0000000100000000)
  region size 1024K, 25 young (25600K), 1 survivors (1024K)
 Metaspace       used 29093K, committed 29440K, reserved 1114112K
  class space    used 3307K, committed 3456K, reserved 1048576K
}

