# JRE version: Java(TM) SE Runtime Environment (17.0.9+11) (build 17.0.9+11-LTS-201)
# Java VM: Java HotSpot(TM) 64-Bit Server VM (17.0.9+11-LTS-201, mixed mode, sharing, tiered, compressed oops, compressed class ptrs, g1 gc, windows-amd64)
GC Precious Log:
 CPUs: 4 total, 4 available
 Memory: 8089M
 Large Page Support: Disabled
 NUMA Support: Disabled
 Compressed Oops: Enabled (32-bit)
 Heap Region Size: 1M
 Heap Min Capacity: 8M
 Heap Initial Capacity: 128M
 Heap Max Capacity: 2024M
 Pre-touch: Disabled
 Parallel Workers: 4
 Concurrent Workers: 1
 Concurrent Refinement Workers: 4
 Periodic GC: Disabled
Heap:
 garbage-first heap   total 78848K, used 36054K [0x0000000081800000, 0x0000000100000000)
  region size 1024K, 7 young (7168K), 5 survivors (5120K)
 Metaspace       used 71239K, committed 71744K, reserved 1114112K
  class space    used 9936K, committed 10176K, reserved 1048576K
GC Heap History (20 events):
Event: 6.321 GC heap before
{Heap before GC invocations=6 (full 0):
 garbage-first heap   total 61440K, used 18645K [0x0000000081800000, 0x0000000100000000)
  region size 1024K, 4 young (4096K), 3 survivors (3072K)
 Metaspace       used 24677K, committed 24960K, reserved 1114112K
  class space    used 3174K, committed 3328K, reserved 1048576K
}
Event: 6.331 GC heap after
{Heap after GC invocations=7 (full 0):
 garbage-first heap   total 61440K, used 18441K [0x0000000081800000, 0x0000000100000000)
  region size 1024K, 1 young (1024K), 1 survivors (1024K)
 Metaspace       used 24677K, committed 24960K, reserved 1114112K
  class space    used 3174K, committed 3328K, reserved 1048576K
}
Event: 8.397 GC heap before
{Heap before GC invocations=7 (full 0):
 garbage-first heap   total 61440K, used 43017K [0x0000000081800000, 0x0000000100000000)
  region size 1024K, 25 young (25600K), 1 survivors (1024K)
 Metaspace       used 28187K, committed 28480K, reserved 1114112K
  class space    used 3770K, committed 3904K, reserved 1048576K
}
Event: 8.410 GC heap after
{Heap after GC invocations=8 (full 0):
 garbage-first heap   total 61440K, used 19327K [0x0000000081800000, 0x0000000100000000)
  region size 1024K, 2 young (2048K), 2 survivors (2048K)
 Metaspace       used 28187K, committed 28480K, reserved 1114112K
  class space    used 3770K, committed 3904K, reserved 1048576K
}
Event: 9.554 GC heap before
{Heap before GC invocations=8 (full 0):
 garbage-first heap   total 61440K, used 43903K [0x0000000081800000, 0x0000000100000000)
  region size 1024K, 26 young (26624K), 2 survivors (2048K)
 Metaspace       used 31289K, committed 31680K, reserved 1114112K
  class space    used 4242K, committed 4416K, reserved 1048576K
}
Event: 9.567 GC heap after
{Heap after GC invocations=9 (full 0):
 garbage-first heap   total 61440K, used 21356K [0x0000000081800000, 0x0000000100000000)
  region size 1024K, 4 young (4096K), 4 survivors (4096K)
 Metaspace       used 31289K, committed 31680K, reserved 1114112K
  class space    used 4242K, committed 4416K, reserved 1048576K
}
Event: 11.005 GC heap before
{Heap before GC invocations=9 (full 0):
 garbage-first heap   total 61440K, used 39788K [0x0000000081800000, 0x0000000100000000)
  region size 1024K, 23 young (23552K), 4 survivors (4096K)
 Metaspace       used 35625K, committed 35968K, reserved 1114112K
  class space    used 4862K, committed 5056K, reserved 1048576K
}
Event: 11.019 GC heap after
{Heap after GC invocations=10 (full 0):
 garbage-first heap   total 101376K, used 21958K [0x0000000081800000, 0x0000000100000000)
  region size 1024K, 1 young (1024K), 1 survivors (1024K)
 Metaspace       used 35625K, committed 35968K, reserved 1114112K
  class space    used 4862K, committed 5056K, reserved 1048576K
}
Event: 12.897 GC heap before
{Heap before GC invocations=11 (full 0):
 garbage-first heap   total 78848K, used 67014K [0x0000000081800000, 0x0000000100000000)
  region size 1024K, 46 young (47104K), 1 survivors (1024K)
 Metaspace       used 47398K, committed 47872K, reserved 1114112K
  class space    used 6414K, committed 6656K, reserved 1048576K
}
Event: 12.906 GC heap after
{Heap after GC invocations=12 (full 0):
 garbage-first heap   total 78848K, used 25338K [0x0000000081800000, 0x0000000100000000)
  region size 1024K, 5 young (5120K), 5 survivors (5120K)
 Metaspace       used 47398K, committed 47872K, reserved 1114112K
  class space    used 6414K, committed 6656K, reserved 1048576K
}
Event: 14.331 GC heap before
{Heap before GC invocations=12 (full 0):
 garbage-first heap   total 78848K, used 59130K [0x0000000081800000, 0x0000000100000000)
  region size 1024K, 38 young (38912K), 5 survivors (5120K)
 Metaspace       used 55481K, committed 56000K, reserved 1114112K
  class space    used 7753K, committed 8000K, reserved 1048576K
}
Event: 14.343 GC heap after
{Heap after GC invocations=13 (full 0):
 garbage-first heap   total 78848K, used 27102K [0x0000000081800000, 0x0000000100000000)
  region size 1024K, 2 young (2048K), 2 survivors (2048K)
 Metaspace       used 55481K, committed 56000K, reserved 1114112K
  class space    used 7753K, committed 8000K, reserved 1048576K
}
Event: 15.488 GC heap before
{Heap before GC invocations=13 (full 0):
 garbage-first heap   total 78848K, used 60894K [0x0000000081800000, 0x0000000100000000)
  region size 1024K, 35 young (35840K), 2 survivors (2048K)
 Metaspace       used 59899K, committed 60416K, reserved 1114112K
  class space    used 8330K, committed 8576K, reserved 1048576K
}
Event: 15.501 GC heap after
{Heap after GC invocations=14 (full 0):
 garbage-first heap   total 78848K, used 29456K [0x0000000081800000, 0x0000000100000000)
  region size 1024K, 5 young (5120K), 5 survivors (5120K)
 Metaspace       used 59899K, committed 60416K, reserved 1114112K
  class space    used 8330K, committed 8576K, reserved 1048576K
}
Event: 15.505 GC heap before
{Heap before GC invocations=14 (full 0):
 garbage-first heap   total 78848K, used 29456K [0x0000000081800000, 0x0000000100000000)
  region size 1024K, 6 young (6144K), 5 survivors (5120K)
 Metaspace       used 59932K, committed 60416K, reserved 1114112K
  class space    used 8332K, committed 8576K, reserved 1048576K
}
Event: 15.514 GC heap after
{Heap after GC invocations=15 (full 0):
 garbage-first heap   total 78848K, used 29640K [0x0000000081800000, 0x0000000100000000)
  region size 1024K, 3 young (3072K), 3 survivors (3072K)
 Metaspace       used 59932K, committed 60416K, reserved 1114112K
  class space    used 8332K, committed 8576K, reserved 1048576K
}
Event: 16.940 GC heap before
{Heap before GC invocations=16 (full 0):
 garbage-first heap   total 78848K, used 62408K [0x0000000081800000, 0x0000000100000000)
  region size 1024K, 35 young (35840K), 3 survivors (3072K)
 Metaspace       used 63606K, committed 64128K, reserved 1114112K
  class space    used 8906K, committed 9152K, reserved 1048576K
}
Event: 16.955 GC heap after
{Heap after GC invocations=17 (full 0):
 garbage-first heap   total 78848K, used 31517K [0x0000000081800000, 0x0000000100000000)
  region size 1024K, 5 young (5120K), 5 survivors (5120K)
 Metaspace       used 63606K, committed 64128K, reserved 1114112K
  class space    used 8906K, committed 9152K, reserved 1048576K
}
Event: 19.550 GC heap before
{Heap before GC invocations=17 (full 0):
 garbage-first heap   total 78848K, used 62237K [0x0000000081800000, 0x0000000100000000)
  region size 1024K, 35 young (35840K), 5 survivors (5120K)
 Metaspace       used 70876K, committed 71424K, reserved 1114112K
  class space    used 9877K, committed 10176K, reserved 1048576K
}
Event: 19.575 GC heap after
{Heap after GC invocations=18 (full 0):
 garbage-first heap   total 78848K, used 35030K [0x0000000081800000, 0x0000000100000000)
  region size 1024K, 5 young (5120K), 5 survivors (5120K)
 Metaspace       used 70876K, committed 71424K, reserved 1114112K
  class space    used 9877K, committed 10176K, reserved 1048576K
}

