# JRE version: Java(TM) SE Runtime Environment (17.0.9+11) (build 17.0.9+11-LTS-201)
# Java VM: Java HotSpot(TM) 64-Bit Server VM (17.0.9+11-LTS-201, mixed mode, sharing, tiered, compressed oops, compressed class ptrs, g1 gc, windows-amd64)
GC Precious Log:
 CPUs: 4 total, 4 available
 Memory: 8089M
 Large Page Support: Disabled
 NUMA Support: Disabled
 Compressed Oops: Enabled (32-bit)
 Heap Region Size: 1M
 Heap Min Capacity: 8M
 Heap Initial Capacity: 128M
 Heap Max Capacity: 2024M
 Pre-touch: Disabled
 Parallel Workers: 4
 Concurrent Workers: 1
 Concurrent Refinement Workers: 4
 Periodic GC: Disabled
Heap:
 garbage-first heap   total 138240K, used 48128K [0x0000000081800000, 0x0000000100000000)
  region size 1024K, 4 young (4096K), 4 survivors (4096K)
 Metaspace       used 26204K, committed 26560K, reserved 1114112K
  class space    used 3005K, committed 3200K, reserved 1048576K
GC Heap History (17 events):
Event: 0.714 GC heap before
{Heap before GC invocations=0 (full 0):
 garbage-first heap   total 131072K, used 13312K [0x0000000081800000, 0x0000000100000000)
  region size 1024K, 13 young (13312K), 0 survivors (0K)
 Metaspace       used 3602K, committed 3712K, reserved 1114112K
  class space    used 378K, committed 448K, reserved 1048576K
}
Event: 0.721 GC heap after
{Heap after GC invocations=1 (full 0):
 garbage-first heap   total 131072K, used 3321K [0x0000000081800000, 0x0000000100000000)
  region size 1024K, 2 young (2048K), 2 survivors (2048K)
 Metaspace       used 3602K, committed 3712K, reserved 1114112K
  class space    used 378K, committed 448K, reserved 1048576K
}
Event: 1.050 GC heap before
{Heap before GC invocations=1 (full 0):
 garbage-first heap   total 131072K, used 14585K [0x0000000081800000, 0x0000000100000000)
  region size 1024K, 13 young (13312K), 2 survivors (2048K)
 Metaspace       used 5224K, committed 5376K, reserved 1114112K
  class space    used 630K, committed 704K, reserved 1048576K
}
Event: 1.057 GC heap after
{Heap after GC invocations=2 (full 0):
 garbage-first heap   total 131072K, used 3854K [0x0000000081800000, 0x0000000100000000)
  region size 1024K, 1 young (1024K), 1 survivors (1024K)
 Metaspace       used 5224K, committed 5376K, reserved 1114112K
  class space    used 630K, committed 704K, reserved 1048576K
}
Event: 2.126 GC heap before
{Heap before GC invocations=2 (full 0):
 garbage-first heap   total 131072K, used 32526K [0x0000000081800000, 0x0000000100000000)
  region size 1024K, 29 young (29696K), 1 survivors (1024K)
 Metaspace       used 9957K, committed 10176K, reserved 1114112K
  class space    used 1225K, committed 1344K, reserved 1048576K
}
Event: 2.132 GC heap after
{Heap after GC invocations=3 (full 0):
 garbage-first heap   total 131072K, used 5631K [0x0000000081800000, 0x0000000100000000)
  region size 1024K, 3 young (3072K), 3 survivors (3072K)
 Metaspace       used 9957K, committed 10176K, reserved 1114112K
  class space    used 1225K, committed 1344K, reserved 1048576K
}
Event: 4.604 GC heap before
{Heap before GC invocations=3 (full 0):
 garbage-first heap   total 131072K, used 80383K [0x0000000081800000, 0x0000000100000000)
  region size 1024K, 76 young (77824K), 3 survivors (3072K)
 Metaspace       used 15079K, committed 15296K, reserved 1114112K
  class space    used 1772K, committed 1856K, reserved 1048576K
}
Event: 4.625 GC heap after
{Heap after GC invocations=4 (full 0):
 garbage-first heap   total 131072K, used 13421K [0x0000000081800000, 0x0000000100000000)
  region size 1024K, 10 young (10240K), 10 survivors (10240K)
 Metaspace       used 15079K, committed 15296K, reserved 1114112K
  class space    used 1772K, committed 1856K, reserved 1048576K
}
Event: 6.106 GC heap before
{Heap before GC invocations=4 (full 0):
 garbage-first heap   total 131072K, used 81005K [0x0000000081800000, 0x0000000100000000)
  region size 1024K, 76 young (77824K), 10 survivors (10240K)
 Metaspace       used 15589K, committed 15744K, reserved 1114112K
  class space    used 1778K, committed 1856K, reserved 1048576K
}
Event: 6.132 GC heap after
{Heap after GC invocations=5 (full 0):
 garbage-first heap   total 131072K, used 15319K [0x0000000081800000, 0x0000000100000000)
  region size 1024K, 3 young (3072K), 3 survivors (3072K)
 Metaspace       used 15589K, committed 15744K, reserved 1114112K
  class space    used 1778K, committed 1856K, reserved 1048576K
}
Event: 8.649 GC heap before
{Heap before GC invocations=5 (full 0):
 garbage-first heap   total 131072K, used 75735K [0x0000000081800000, 0x0000000100000000)
  region size 1024K, 58 young (59392K), 3 survivors (3072K)
 Metaspace       used 21288K, committed 21504K, reserved 1114112K
  class space    used 2462K, committed 2560K, reserved 1048576K
}
Event: 8.662 GC heap after
{Heap after GC invocations=6 (full 0):
 garbage-first heap   total 131072K, used 25047K [0x0000000081800000, 0x0000000100000000)
  region size 1024K, 8 young (8192K), 8 survivors (8192K)
 Metaspace       used 21288K, committed 21504K, reserved 1114112K
  class space    used 2462K, committed 2560K, reserved 1048576K
}
Event: 10.148 GC heap before
{Heap before GC invocations=7 (full 0):
 garbage-first heap   total 89088K, used 71127K [0x0000000081800000, 0x0000000100000000)
  region size 1024K, 51 young (52224K), 8 survivors (8192K)
 Metaspace       used 25344K, committed 25664K, reserved 1114112K
  class space    used 2906K, committed 3072K, reserved 1048576K
}
Event: 10.181 GC heap after
{Heap after GC invocations=8 (full 0):
 garbage-first heap   total 96256K, used 39899K [0x0000000081800000, 0x0000000100000000)
  region size 1024K, 7 young (7168K), 7 survivors (7168K)
 Metaspace       used 25344K, committed 25664K, reserved 1114112K
  class space    used 2906K, committed 3072K, reserved 1048576K
}
Event: 10.214 GC heap before
{Heap before GC invocations=8 (full 0):
 garbage-first heap   total 96256K, used 40923K [0x0000000081800000, 0x0000000100000000)
  region size 1024K, 8 young (8192K), 7 survivors (7168K)
 Metaspace       used 25436K, committed 25792K, reserved 1114112K
  class space    used 2915K, committed 3072K, reserved 1048576K
}
Event: 10.226 GC heap after
{Heap after GC invocations=9 (full 0):
 garbage-first heap   total 96256K, used 40960K [0x0000000081800000, 0x0000000100000000)
  region size 1024K, 1 young (1024K), 1 survivors (1024K)
 Metaspace       used 25436K, committed 25792K, reserved 1114112K
  class space    used 2915K, committed 3072K, reserved 1048576K
}
Event: 10.927 GC heap before
{Heap before GC invocations=9 (full 0):
 garbage-first heap   total 96256K, used 69632K [0x0000000081800000, 0x0000000100000000)
  region size 1024K, 27 young (27648K), 1 survivors (1024K)
 Metaspace       used 26204K, committed 26560K, reserved 1114112K
  class space    used 3005K, committed 3200K, reserved 1048576K
}

