# JRE version: Java(TM) SE Runtime Environment (17.0.9+11) (build 17.0.9+11-LTS-201)
# Java VM: Java HotSpot(TM) 64-Bit Server VM (17.0.9+11-LTS-201, mixed mode, sharing, tiered, compressed oops, compressed class ptrs, g1 gc, windows-amd64)
GC Precious Log:
 CPUs: 4 total, 4 available
 Memory: 8089M
 Large Page Support: Disabled
 NUMA Support: Disabled
 Compressed Oops: Enabled (32-bit)
 Heap Region Size: 1M
 Heap Min Capacity: 8M
 Heap Initial Capacity: 128M
 Heap Max Capacity: 2024M
 Pre-touch: Disabled
 Parallel Workers: 4
 Concurrent Workers: 1
 Concurrent Refinement Workers: 4
 Periodic GC: Disabled
Heap:
 garbage-first heap   total 96256K, used 40342K [0x0000000081800000, 0x0000000100000000)
  region size 1024K, 24 young (24576K), 2 survivors (2048K)
 Metaspace       used 29560K, committed 29952K, reserved 1114112K
  class space    used 3858K, committed 4032K, reserved 1048576K
GC Heap History (14 events):
Event: 0.471 GC heap before
{Heap before GC invocations=0 (full 0):
 garbage-first heap   total 131072K, used 15360K [0x0000000081800000, 0x0000000100000000)
  region size 1024K, 13 young (13312K), 0 survivors (0K)
 Metaspace       used 1836K, committed 1920K, reserved 1114112K
  class space    used 176K, committed 192K, reserved 1048576K
}
Event: 0.477 GC heap after
{Heap after GC invocations=1 (full 0):
 garbage-first heap   total 131072K, used 8169K [0x0000000081800000, 0x0000000100000000)
  region size 1024K, 2 young (2048K), 2 survivors (2048K)
 Metaspace       used 1836K, committed 1920K, reserved 1114112K
  class space    used 176K, committed 192K, reserved 1048576K
}
Event: 0.844 GC heap before
{Heap before GC invocations=1 (full 0):
 garbage-first heap   total 131072K, used 14313K [0x0000000081800000, 0x0000000100000000)
  region size 1024K, 9 young (9216K), 2 survivors (2048K)
 Metaspace       used 3554K, committed 3712K, reserved 1114112K
  class space    used 404K, committed 448K, reserved 1048576K
}
Event: 0.848 GC heap after
{Heap after GC invocations=2 (full 0):
 garbage-first heap   total 131072K, used 9162K [0x0000000081800000, 0x0000000100000000)
  region size 1024K, 1 young (1024K), 1 survivors (1024K)
 Metaspace       used 3554K, committed 3712K, reserved 1114112K
  class space    used 404K, committed 448K, reserved 1048576K
}
Event: 1.738 GC heap before
{Heap before GC invocations=2 (full 0):
 garbage-first heap   total 131072K, used 28618K [0x0000000081800000, 0x0000000100000000)
  region size 1024K, 20 young (20480K), 1 survivors (1024K)
 Metaspace       used 8718K, committed 8960K, reserved 1114112K
  class space    used 1093K, committed 1216K, reserved 1048576K
}
Event: 1.745 GC heap after
{Heap after GC invocations=3 (full 0):
 garbage-first heap   total 131072K, used 10645K [0x0000000081800000, 0x0000000100000000)
  region size 1024K, 3 young (3072K), 3 survivors (3072K)
 Metaspace       used 8718K, committed 8960K, reserved 1114112K
  class space    used 1093K, committed 1216K, reserved 1048576K
}
Event: 4.095 GC heap before
{Heap before GC invocations=3 (full 0):
 garbage-first heap   total 131072K, used 69013K [0x0000000081800000, 0x0000000100000000)
  region size 1024K, 62 young (63488K), 3 survivors (3072K)
 Metaspace       used 21247K, committed 21568K, reserved 1114112K
  class space    used 2773K, committed 2880K, reserved 1048576K
}
Event: 4.106 GC heap after
{Heap after GC invocations=4 (full 0):
 garbage-first heap   total 131072K, used 14067K [0x0000000081800000, 0x0000000100000000)
  region size 1024K, 6 young (6144K), 6 survivors (6144K)
 Metaspace       used 21247K, committed 21568K, reserved 1114112K
  class space    used 2773K, committed 2880K, reserved 1048576K
}
Event: 5.402 GC heap before
{Heap before GC invocations=5 (full 0):
 garbage-first heap   total 58368K, used 41715K [0x0000000081800000, 0x0000000100000000)
  region size 1024K, 34 young (34816K), 6 survivors (6144K)
 Metaspace       used 24075K, committed 24384K, reserved 1114112K
  class space    used 3092K, committed 3264K, reserved 1048576K
}
Event: 5.418 GC heap after
{Heap after GC invocations=6 (full 0):
 garbage-first heap   total 58368K, used 17330K [0x0000000081800000, 0x0000000100000000)
  region size 1024K, 4 young (4096K), 4 survivors (4096K)
 Metaspace       used 24075K, committed 24384K, reserved 1114112K
  class space    used 3092K, committed 3264K, reserved 1048576K
}
Event: 5.455 GC heap before
{Heap before GC invocations=6 (full 0):
 garbage-first heap   total 58368K, used 18354K [0x0000000081800000, 0x0000000100000000)
  region size 1024K, 5 young (5120K), 4 survivors (4096K)
 Metaspace       used 24130K, committed 24448K, reserved 1114112K
  class space    used 3099K, committed 3264K, reserved 1048576K
}
Event: 5.464 GC heap after
{Heap after GC invocations=7 (full 0):
 garbage-first heap   total 58368K, used 17857K [0x0000000081800000, 0x0000000100000000)
  region size 1024K, 1 young (1024K), 1 survivors (1024K)
 Metaspace       used 24130K, committed 24448K, reserved 1114112K
  class space    used 3099K, committed 3264K, reserved 1048576K
}
Event: 6.427 GC heap before
{Heap before GC invocations=7 (full 0):
 garbage-first heap   total 58368K, used 39361K [0x0000000081800000, 0x0000000100000000)
  region size 1024K, 22 young (22528K), 1 survivors (1024K)
 Metaspace       used 26304K, committed 26624K, reserved 1114112K
  class space    used 3415K, committed 3584K, reserved 1048576K
}
Event: 6.436 GC heap after
{Heap after GC invocations=8 (full 0):
 garbage-first heap   total 96256K, used 18838K [0x0000000081800000, 0x0000000100000000)
  region size 1024K, 2 young (2048K), 2 survivors (2048K)
 Metaspace       used 26304K, committed 26624K, reserved 1114112K
  class space    used 3415K, committed 3584K, reserved 1048576K
}

